<?xml version="1.0" encoding="UTF-8"?>
<!-- Generated by org.testng.reporters.JUnitXMLReporter -->
<testsuite ignored="0" hostname="DESKTOP-0RQMA1V" failures="0" tests="7" name="Default test" time="96.421" errors="0" timestamp="2022-06-10T16:35:47 IST">
  <testcase classname="com.realreco.automation.testplans.LoginPageTest" name="ASMLoginTest" time="6.659"/>
  <testcase classname="com.realreco.automation.testplans.LoginPageTest" name="AdminLoginTest" time="6.474"/>
  <testcase classname="com.realreco.automation.testplans.LoginPageTest" name="DispatcherLoginTest" time="6.487"/>
  <testcase classname="com.realreco.automation.testplans.LoginPageTest" name="LogisticsLoginTest" time="5.712"/>
  <testcase classname="com.realreco.automation.testplans.LoginPageTest" name="RSMLoginTest" time="6.532"/>
  <testcase classname="com.realreco.automation.testplans.LoginPageTest" name="SuperAdminLoginTest" time="6.48"/>
  <testcase classname="com.realreco.automation.testplans.LoginPageTest" name="ZSMLoginTest" time="6.662"/>
</testsuite> <!-- Default test -->
